This is pdfTeX, Version 3.141592653-2.6-1.40.25 (TeX Live 2023) (preloaded format=pdflatex 2023.4.17)  14 AUG 2023 11:31
entering extended mode
 restricted \write18 enabled.
 %&-line parsing enabled.
**main.tex
(./main.tex
LaTeX2e <2022-11-01> patch level 1
L3 programming layer <2023-03-30>
(/opt/texlive/2023/texmf-dist/tex/latex/base/book.cls
Document Class: book 2022/07/02 v1.4n Standard LaTeX document class
(/opt/texlive/2023/texmf-dist/tex/latex/base/bk11.clo
File: bk11.clo 2022/07/02 v1.4n Standard LaTeX file (size option)
)
\c@part=\count185
\c@chapter=\count186
\c@section=\count187
\c@subsection=\count188
\c@subsubsection=\count189
\c@paragraph=\count190
\c@subparagraph=\count191
\c@figure=\count192
\c@table=\count193
\abovecaptionskip=\skip48
\belowcaptionskip=\skip49
\bibindent=\dimen140
)
(/opt/texlive/2023/texmf-dist/tex/latex/geometry/geometry.sty
Package: geometry 2020/01/02 v5.9 Page Geometry

(/opt/texlive/2023/texmf-dist/tex/latex/graphics/keyval.sty
Package: keyval 2022/05/29 v1.15 key=value parser (DPC)
\KV@toks@=\toks16
)
(/opt/texlive/2023/texmf-dist/tex/generic/iftex/ifvtex.sty
Package: ifvtex 2019/10/25 v1.7 ifvtex legacy package. Use iftex instead.

(/opt/texlive/2023/texmf-dist/tex/generic/iftex/iftex.sty
Package: iftex 2022/02/03 v1.0f TeX engine tests
))
\Gm@cnth=\count194
\Gm@cntv=\count195
\c@Gm@tempcnt=\count196
\Gm@bindingoffset=\dimen141
\Gm@wd@mp=\dimen142
\Gm@odd@mp=\dimen143
\Gm@even@mp=\dimen144
\Gm@layoutwidth=\dimen145
\Gm@layoutheight=\dimen146
\Gm@layouthoffset=\dimen147
\Gm@layoutvoffset=\dimen148
\Gm@dimlist=\toks17
)
(/opt/texlive/2023/texmf-dist/tex/latex/graphics/graphicx.sty
Package: graphicx 2021/09/16 v1.2d Enhanced LaTeX Graphics (DPC,SPQR)

(/opt/texlive/2023/texmf-dist/tex/latex/graphics/graphics.sty
Package: graphics 2022/03/10 v1.4e Standard LaTeX Graphics (DPC,SPQR)

(/opt/texlive/2023/texmf-dist/tex/latex/graphics/trig.sty
Package: trig 2021/08/11 v1.11 sin cos tan (DPC)
)
(/opt/texlive/2023/texmf-dist/tex/latex/graphics-cfg/graphics.cfg
File: graphics.cfg 2016/06/04 v1.11 sample graphics configuration
)
Package graphics Info: Driver file: pdftex.def on input line 107.

(/opt/texlive/2023/texmf-dist/tex/latex/graphics-def/pdftex.def
File: pdftex.def 2022/09/22 v1.2b Graphics/color driver for pdftex
))
\Gin@req@height=\dimen149
\Gin@req@width=\dimen150
)
(/opt/texlive/2023/texmf-dist/tex/latex/base/inputenc.sty
Package: inputenc 2021/02/14 v1.3d Input encoding file
\inpenc@prehook=\toks18
\inpenc@posthook=\toks19
)
(/opt/texlive/2023/texmf-dist/tex/latex/base/fontenc.sty
Package: fontenc 2021/04/29 v2.0v Standard LaTeX package
)
(/opt/texlive/2023/texmf-dist/tex/latex/hyperref/hyperref.sty
Package: hyperref 2023-02-07 v7.00v Hypertext links for LaTeX

(/opt/texlive/2023/texmf-dist/tex/generic/ltxcmds/ltxcmds.sty
Package: ltxcmds 2020-05-10 v1.25 LaTeX kernel commands for general use (HO)
)
(/opt/texlive/2023/texmf-dist/tex/generic/pdftexcmds/pdftexcmds.sty
Package: pdftexcmds 2020-06-27 v0.33 Utility functions of pdfTeX for LuaTeX (HO
)

(/opt/texlive/2023/texmf-dist/tex/generic/infwarerr/infwarerr.sty
Package: infwarerr 2019/12/03 v1.5 Providing info/warning/error messages (HO)
)
Package pdftexcmds Info: \pdf@primitive is available.
Package pdftexcmds Info: \pdf@ifprimitive is available.
Package pdftexcmds Info: \pdfdraftmode found.
)
(/opt/texlive/2023/texmf-dist/tex/latex/kvsetkeys/kvsetkeys.sty
Package: kvsetkeys 2022-10-05 v1.19 Key value parser (HO)
)
(/opt/texlive/2023/texmf-dist/tex/generic/kvdefinekeys/kvdefinekeys.sty
Package: kvdefinekeys 2019-12-19 v1.6 Define keys (HO)
)
(/opt/texlive/2023/texmf-dist/tex/generic/pdfescape/pdfescape.sty
Package: pdfescape 2019/12/09 v1.15 Implements pdfTeX's escape features (HO)
)
(/opt/texlive/2023/texmf-dist/tex/latex/hycolor/hycolor.sty
Package: hycolor 2020-01-27 v1.10 Color options for hyperref/bookmark (HO)
)
(/opt/texlive/2023/texmf-dist/tex/latex/letltxmacro/letltxmacro.sty
Package: letltxmacro 2019/12/03 v1.6 Let assignment for LaTeX macros (HO)
)
(/opt/texlive/2023/texmf-dist/tex/latex/auxhook/auxhook.sty
Package: auxhook 2019-12-17 v1.6 Hooks for auxiliary files (HO)
)
(/opt/texlive/2023/texmf-dist/tex/latex/hyperref/nameref.sty
Package: nameref 2022-05-17 v2.50 Cross-referencing by name of section

(/opt/texlive/2023/texmf-dist/tex/latex/refcount/refcount.sty
Package: refcount 2019/12/15 v3.6 Data extraction from label references (HO)
)
(/opt/texlive/2023/texmf-dist/tex/generic/gettitlestring/gettitlestring.sty
Package: gettitlestring 2019/12/15 v1.6 Cleanup title references (HO)

(/opt/texlive/2023/texmf-dist/tex/latex/kvoptions/kvoptions.sty
Package: kvoptions 2022-06-15 v3.15 Key value format for package options (HO)
))
\c@section@level=\count197
)
\@linkdim=\dimen151
\Hy@linkcounter=\count198
\Hy@pagecounter=\count199

(/opt/texlive/2023/texmf-dist/tex/latex/hyperref/pd1enc.def
File: pd1enc.def 2023-02-07 v7.00v Hyperref: PDFDocEncoding definition (HO)
Now handling font encoding PD1 ...
... no UTF-8 mapping file for font encoding PD1
)
(/opt/texlive/2023/texmf-dist/tex/generic/intcalc/intcalc.sty
Package: intcalc 2019/12/15 v1.3 Expandable calculations with integers (HO)
)
(/opt/texlive/2023/texmf-dist/tex/generic/etexcmds/etexcmds.sty
Package: etexcmds 2019/12/15 v1.7 Avoid name clashes with e-TeX commands (HO)
)
\Hy@SavedSpaceFactor=\count266

(/opt/texlive/2023/texmf-dist/tex/latex/hyperref/puenc.def
File: puenc.def 2023-02-07 v7.00v Hyperref: PDF Unicode definition (HO)
Now handling font encoding PU ...
... no UTF-8 mapping file for font encoding PU
)
Package hyperref Info: Hyper figures OFF on input line 4177.
Package hyperref Info: Link nesting OFF on input line 4182.
Package hyperref Info: Hyper index ON on input line 4185.
Package hyperref Info: Plain pages OFF on input line 4192.
Package hyperref Info: Backreferencing OFF on input line 4197.
Package hyperref Info: Implicit mode ON; LaTeX internals redefined.
Package hyperref Info: Bookmarks ON on input line 4425.
\c@Hy@tempcnt=\count267

(/opt/texlive/2023/texmf-dist/tex/latex/url/url.sty
\Urlmuskip=\muskip16
Package: url 2013/09/16  ver 3.4  Verb mode for urls, etc.
)
LaTeX Info: Redefining \url on input line 4763.
\XeTeXLinkMargin=\dimen152

(/opt/texlive/2023/texmf-dist/tex/generic/bitset/bitset.sty
Package: bitset 2019/12/09 v1.3 Handle bit-vector datatype (HO)

(/opt/texlive/2023/texmf-dist/tex/generic/bigintcalc/bigintcalc.sty
Package: bigintcalc 2019/12/15 v1.5 Expandable calculations on big integers (HO
)
))
\Fld@menulength=\count268
\Field@Width=\dimen153
\Fld@charsize=\dimen154
Package hyperref Info: Hyper figures OFF on input line 6042.
Package hyperref Info: Link nesting OFF on input line 6047.
Package hyperref Info: Hyper index ON on input line 6050.
Package hyperref Info: backreferencing OFF on input line 6057.
Package hyperref Info: Link coloring OFF on input line 6062.
Package hyperref Info: Link coloring with OCG OFF on input line 6067.
Package hyperref Info: PDF/A mode OFF on input line 6072.

(/opt/texlive/2023/texmf-dist/tex/latex/base/atbegshi-ltx.sty
Package: atbegshi-ltx 2021/01/10 v1.0c Emulation of the original atbegshi
package with kernel methods
)
\Hy@abspage=\count269
\c@Item=\count270
\c@Hfootnote=\count271
)
Package hyperref Info: Driver (autodetected): hpdftex.

(/opt/texlive/2023/texmf-dist/tex/latex/hyperref/hpdftex.def
File: hpdftex.def 2023-02-07 v7.00v Hyperref driver for pdfTeX

(/opt/texlive/2023/texmf-dist/tex/latex/base/atveryend-ltx.sty
Package: atveryend-ltx 2020/08/19 v1.0a Emulation of the original atveryend pac
kage
with kernel methods
)
\Fld@listcount=\count272
\c@bookmark@seq@number=\count273

(/opt/texlive/2023/texmf-dist/tex/latex/rerunfilecheck/rerunfilecheck.sty
Package: rerunfilecheck 2022-07-10 v1.10 Rerun checks for auxiliary files (HO)

(/opt/texlive/2023/texmf-dist/tex/generic/uniquecounter/uniquecounter.sty
Package: uniquecounter 2019/12/15 v1.4 Provide unlimited unique counter (HO)
)
Package uniquecounter Info: New unique counter `rerunfilecheck' on input line 2
85.
)
\Hy@SectionHShift=\skip50
)
(/opt/texlive/2023/texmf-dist/tex/latex/booktabs/booktabs.sty
Package: booktabs 2020/01/12 v1.61803398 Publication quality tables
\heavyrulewidth=\dimen155
\lightrulewidth=\dimen156
\cmidrulewidth=\dimen157
\belowrulesep=\dimen158
\belowbottomsep=\dimen159
\aboverulesep=\dimen160
\abovetopsep=\dimen161
\cmidrulesep=\dimen162
\cmidrulekern=\dimen163
\defaultaddspace=\dimen164
\@cmidla=\count274
\@cmidlb=\count275
\@aboverulesep=\dimen165
\@belowrulesep=\dimen166
\@thisruleclass=\count276
\@lastruleclass=\count277
\@thisrulewidth=\dimen167
)
(/opt/texlive/2023/texmf-dist/tex/latex/units/nicefrac.sty
Package: nicefrac 1998/08/04 v0.9b Nice fractions
\L@UnitsRaiseDisplaystyle=\skip51
\L@UnitsRaiseTextstyle=\skip52
\L@UnitsRaiseScriptstyle=\skip53

(/opt/texlive/2023/texmf-dist/tex/latex/base/ifthen.sty
Package: ifthen 2022/04/13 v1.1d Standard LaTeX ifthen package (DPC)
))
(/opt/texlive/2023/texmf-dist/tex/latex/microtype/microtype.sty
Package: microtype 2023/03/13 v3.1a Micro-typographical refinements (RS)

(/opt/texlive/2023/texmf-dist/tex/latex/etoolbox/etoolbox.sty
Package: etoolbox 2020/10/05 v2.5k e-TeX tools for LaTeX (JAW)
\etb@tempcnta=\count278
)
\MT@toks=\toks20
\MT@tempbox=\box51
\MT@count=\count279
LaTeX Info: Redefining \noprotrusionifhmode on input line 1059.
LaTeX Info: Redefining \leftprotrusion on input line 1060.
\MT@prot@toks=\toks21
LaTeX Info: Redefining \rightprotrusion on input line 1078.
LaTeX Info: Redefining \textls on input line 1368.
\MT@outer@kern=\dimen168
LaTeX Info: Redefining \textmicrotypecontext on input line 1988.
\MT@listname@count=\count280

(/opt/texlive/2023/texmf-dist/tex/latex/microtype/microtype-pdftex.def
File: microtype-pdftex.def 2023/03/13 v3.1a Definitions specific to pdftex (RS)

LaTeX Info: Redefining \lsstyle on input line 902.
LaTeX Info: Redefining \lslig on input line 902.
\MT@outer@space=\skip54
)
Package microtype Info: Loading configuration file microtype.cfg.

(/opt/texlive/2023/texmf-dist/tex/latex/microtype/microtype.cfg
File: microtype.cfg 2023/03/13 v3.1a microtype main configuration file (RS)
))
(/opt/texlive/2023/texmf-dist/tex/latex/listings/listings.sty
\lst@mode=\count281
\lst@gtempboxa=\box52
\lst@token=\toks22
\lst@length=\count282
\lst@currlwidth=\dimen169
\lst@column=\count283
\lst@pos=\count284
\lst@lostspace=\dimen170
\lst@width=\dimen171
\lst@newlines=\count285
\lst@lineno=\count286
\lst@maxwidth=\dimen172

(/opt/texlive/2023/texmf-dist/tex/latex/listings/lstmisc.sty
File: lstmisc.sty 2023/02/27 1.9 (Carsten Heinz)
\c@lstnumber=\count287
\lst@skipnumbers=\count288
\lst@framebox=\box53
)
(/opt/texlive/2023/texmf-dist/tex/latex/listings/listings.cfg
File: listings.cfg 2023/02/27 1.9 listings configuration
))
Package: listings 2023/02/27 1.9 (Carsten Heinz)

(/opt/texlive/2023/texmf-dist/tex/latex/xcolor/xcolor.sty
Package: xcolor 2022/06/12 v2.14 LaTeX color extensions (UK)

(/opt/texlive/2023/texmf-dist/tex/latex/graphics-cfg/color.cfg
File: color.cfg 2016/01/02 v1.6 sample color configuration
)
Package xcolor Info: Driver file: pdftex.def on input line 227.

(/opt/texlive/2023/texmf-dist/tex/latex/graphics/mathcolor.ltx)
Package xcolor Info: Model `cmy' substituted by `cmy0' on input line 1353.
Package xcolor Info: Model `hsb' substituted by `rgb' on input line 1357.
Package xcolor Info: Model `RGB' extended on input line 1369.
Package xcolor Info: Model `HTML' substituted by `rgb' on input line 1371.
Package xcolor Info: Model `Hsb' substituted by `hsb' on input line 1372.
Package xcolor Info: Model `tHsb' substituted by `hsb' on input line 1373.
Package xcolor Info: Model `HSB' substituted by `hsb' on input line 1374.
Package xcolor Info: Model `Gray' substituted by `gray' on input line 1375.
Package xcolor Info: Model `wave' substituted by `hsb' on input line 1376.
)
(/opt/texlive/2023/texmf-dist/tex/latex/csquotes/csquotes.sty
Package: csquotes 2022-09-14 v5.2n context-sensitive quotations (JAW)
\csq@reset=\count289
\csq@gtype=\count290
\csq@glevel=\count291
\csq@qlevel=\count292
\csq@maxlvl=\count293
\csq@tshold=\count294
\csq@ltx@everypar=\toks23

(/opt/texlive/2023/texmf-dist/tex/latex/csquotes/csquotes.def
File: csquotes.def 2022-09-14 v5.2n csquotes generic definitions (JAW)
)
Package csquotes Info: Trying to load configuration file 'csquotes.cfg'...
Package csquotes Info: ... configuration file loaded successfully.

(/opt/texlive/2023/texmf-dist/tex/latex/csquotes/csquotes.cfg
File: csquotes.cfg 
)
Package csquotes Info: Enabling multilingual quotes.
)
(/opt/texlive/2023/texmf-dist/tex/latex/doublestroke/dsfont.sty
Package: dsfont 1995/08/01 v0.1 Double stroke roman fonts
)
(/opt/texlive/2023/texmf-dist/tex/latex/algorithm2e/algorithm2e.sty
Package: algorithm2e 2017/07/18 v5.2 algorithms environments
\c@AlgoLine=\count295
\algocf@hangindent=\skip55

(/opt/texlive/2023/texmf-dist/tex/latex/ifoddpage/ifoddpage.sty
Package: ifoddpage 2022/10/18 v1.2 Conditionals for odd/even page detection
\c@checkoddpage=\count296
)
(/opt/texlive/2023/texmf-dist/tex/latex/tools/xspace.sty
Package: xspace 2014/10/28 v1.13 Space after command names (DPC,MH)
)
(/opt/texlive/2023/texmf-dist/tex/latex/relsize/relsize.sty
Package: relsize 2013/03/29 ver 4.1
)
\skiptotal=\skip56
\skiplinenumber=\skip57
\skiprule=\skip58
\skiphlne=\skip59
\skiptext=\skip60
\skiplength=\skip61
\algomargin=\skip62
\skipalgocfslide=\skip63
\algowidth=\dimen173
\inoutsize=\dimen174
\inoutindent=\dimen175
\interspacetitleruled=\dimen176
\interspacealgoruled=\dimen177
\interspacetitleboxruled=\dimen178
\algocf@ruledwidth=\skip64
\algocf@inoutbox=\box54
\algocf@inputbox=\box55
\AlCapSkip=\skip65
\AlCapHSkip=\skip66
\algoskipindent=\skip67
\algocf@nlbox=\box56
\algocf@hangingbox=\box57
\algocf@untilbox=\box58
\algocf@skipuntil=\skip68
\algocf@capbox=\box59
\algocf@lcaptionbox=\skip69
\algoheightruledefault=\skip70
\algoheightrule=\skip71
\algotitleheightruledefault=\skip72
\algotitleheightrule=\skip73
\c@algocfline=\count297
\c@algocfproc=\count298
\c@algocf=\count299
\algocf@algoframe=\box60
\algocf@algobox=\box61
)
(/opt/texlive/2023/texmf-dist/tex/latex/tools/multicol.sty
Package: multicol 2021/11/30 v1.9d multicolumn formatting (FMi)
\c@tracingmulticols=\count300
\mult@box=\box62
\multicol@leftmargin=\dimen179
\c@unbalance=\count301
\c@collectmore=\count302
\doublecol@number=\count303
\multicoltolerance=\count304
\multicolpretolerance=\count305
\full@width=\dimen180
\page@free=\dimen181
\premulticols=\dimen182
\postmulticols=\dimen183
\multicolsep=\skip74
\multicolbaselineskip=\skip75
\partial@page=\box63
\last@line=\box64
\maxbalancingoverflow=\dimen184
\mult@rightbox=\box65
\mult@grightbox=\box66
\mult@firstbox=\box67
\mult@gfirstbox=\box68
\@tempa=\box69
\@tempa=\box70
\@tempa=\box71
\@tempa=\box72
\@tempa=\box73
\@tempa=\box74
\@tempa=\box75
\@tempa=\box76
\@tempa=\box77
\@tempa=\box78
\@tempa=\box79
\@tempa=\box80
\@tempa=\box81
\@tempa=\box82
\@tempa=\box83
\@tempa=\box84
\@tempa=\box85
\@tempa=\box86
\@tempa=\box87
\@tempa=\box88
\@tempa=\box89
\@tempa=\box90
\@tempa=\box91
\@tempa=\box92
\@tempa=\box93
\@tempa=\box94
\@tempa=\box95
\@tempa=\box96
\@tempa=\box97
\@tempa=\box98
\@tempa=\box99
\@tempa=\box100
\@tempa=\box101
\@tempa=\box102
\@tempa=\box103
\@tempa=\box104
\c@minrows=\count306
\c@columnbadness=\count307
\c@finalcolumnbadness=\count308
\last@try=\dimen185
\multicolovershoot=\dimen186
\multicolundershoot=\dimen187
\mult@nat@firstbox=\box105
\colbreak@box=\box106
\mc@col@check@num=\count309
)
(/opt/texlive/2023/texmf-dist/tex/latex/amsfonts/amssymb.sty
Package: amssymb 2013/01/14 v3.01 AMS font symbols

(/opt/texlive/2023/texmf-dist/tex/latex/amsfonts/amsfonts.sty
Package: amsfonts 2013/01/14 v3.01 Basic AMSFonts support
\@emptytoks=\toks24
\symAMSa=\mathgroup4
\symAMSb=\mathgroup5
LaTeX Font Info:    Redeclaring math symbol \hbar on input line 98.
LaTeX Font Info:    Overwriting math alphabet `\mathfrak' in version `bold'
(Font)                  U/euf/m/n --> U/euf/b/n on input line 106.
))
\c@theorem=\count310
\c@definition=\count311
\c@proposition=\count312
\c@corollary=\count313
 (./math-com.tex (/opt/texlive/2023/texmf-dist/tex/latex/amsmath/amsmath.sty
Package: amsmath 2022/04/08 v2.17n AMS math features
\@mathmargin=\skip76

For additional information on amsmath, use the `?' option.
(/opt/texlive/2023/texmf-dist/tex/latex/amsmath/amstext.sty
Package: amstext 2021/08/26 v2.01 AMS text

(/opt/texlive/2023/texmf-dist/tex/latex/amsmath/amsgen.sty
File: amsgen.sty 1999/11/30 v2.0 generic functions
\@emptytoks=\toks25
\ex@=\dimen188
))
(/opt/texlive/2023/texmf-dist/tex/latex/amsmath/amsbsy.sty
Package: amsbsy 1999/11/29 v1.2d Bold Symbols
\pmbraise@=\dimen189
)
(/opt/texlive/2023/texmf-dist/tex/latex/amsmath/amsopn.sty
Package: amsopn 2022/04/08 v2.04 operator names
)
\inf@bad=\count314
LaTeX Info: Redefining \frac on input line 234.
\uproot@=\count315
\leftroot@=\count316
LaTeX Info: Redefining \overline on input line 399.
LaTeX Info: Redefining \colon on input line 410.
\classnum@=\count317
\DOTSCASE@=\count318
LaTeX Info: Redefining \ldots on input line 496.
LaTeX Info: Redefining \dots on input line 499.
LaTeX Info: Redefining \cdots on input line 620.
\Mathstrutbox@=\box107
\strutbox@=\box108
LaTeX Info: Redefining \big on input line 722.
LaTeX Info: Redefining \Big on input line 723.
LaTeX Info: Redefining \bigg on input line 724.
LaTeX Info: Redefining \Bigg on input line 725.
\big@size=\dimen190
LaTeX Font Info:    Redeclaring font encoding OML on input line 743.
LaTeX Font Info:    Redeclaring font encoding OMS on input line 744.
\macc@depth=\count319
LaTeX Info: Redefining \bmod on input line 905.
LaTeX Info: Redefining \pmod on input line 910.
LaTeX Info: Redefining \smash on input line 940.
LaTeX Info: Redefining \relbar on input line 970.
LaTeX Info: Redefining \Relbar on input line 971.
\c@MaxMatrixCols=\count320
\dotsspace@=\muskip17
\c@parentequation=\count321
\dspbrk@lvl=\count322
\tag@help=\toks26
\row@=\count323
\column@=\count324
\maxfields@=\count325
\andhelp@=\toks27
\eqnshift@=\dimen191
\alignsep@=\dimen192
\tagshift@=\dimen193
\tagwidth@=\dimen194
\totwidth@=\dimen195
\lineht@=\dimen196
\@envbody=\toks28
\multlinegap=\skip77
\multlinetaggap=\skip78
\mathdisplay@stack=\toks29
LaTeX Info: Redefining \[ on input line 2953.
LaTeX Info: Redefining \] on input line 2954.
)
(/opt/texlive/2023/texmf-dist/tex/latex/tools/bm.sty
Package: bm 2022/01/05 v1.2f Bold Symbol Support (DPC/FMi)
\symboldoperators=\mathgroup6
\symboldletters=\mathgroup7
\symboldsymbols=\mathgroup8
Package bm Info: No bold for \OMX/cmex/m/n, using \pmb.
Package bm Info: No bold for \U/msa/m/n, using \pmb.
Package bm Info: No bold for \U/msb/m/n, using \pmb.
LaTeX Font Info:    Redeclaring math alphabet \mathbf on input line 149.
)
(/opt/texlive/2023/texmf-dist/tex/latex/cleveref/cleveref.sty
Package: cleveref 2018/03/27 v0.21.4 Intelligent cross-referencing
Package cleveref Info: `hyperref' support loaded on input line 2370.
LaTeX Info: Redefining \cref on input line 2370.
LaTeX Info: Redefining \Cref on input line 2370.
LaTeX Info: Redefining \crefrange on input line 2370.
LaTeX Info: Redefining \Crefrange on input line 2370.
LaTeX Info: Redefining \cpageref on input line 2370.
LaTeX Info: Redefining \Cpageref on input line 2370.
LaTeX Info: Redefining \cpagerefrange on input line 2370.
LaTeX Info: Redefining \Cpagerefrange on input line 2370.
LaTeX Info: Redefining \labelcref on input line 2370.
LaTeX Info: Redefining \labelcpageref on input line 2370.
Package cleveref Info: `listings' support loaded on input line 3131.
Package cleveref Info: `algorithm2e' support loaded on input line 3147.
Package cleveref Info: include cross-reference names in hyperlinks on input lin
e 7836.
Package cleveref Info: include cross-reference names in hyperlinks on input lin
e 7852.
)

! LaTeX Error: Command \red already defined.
               Or name \end... illegal, see p.192 of the manual.

See the LaTeX manual or LaTeX Companion for explanation.
Type  H <return>  for immediate help.
 ...                                              
                                                  
l.42 \newcommand{\red}[1]{\textcolor{red}{#1}}
                                              
Your command was ignored.
Type  I <command> <return>  to replace it with another command,
or  <return>  to continue without it.


! LaTeX Error: Command \blue already defined.
               Or name \end... illegal, see p.192 of the manual.

See the LaTeX manual or LaTeX Companion for explanation.
Type  H <return>  for immediate help.
 ...                                              
                                                  
l.43 \newcommand{\blue}[1]{\textcolor{blue}{#1}}
                                                
Your command was ignored.
Type  I <command> <return>  to replace it with another command,
or  <return>  to continue without it.


! LaTeX Error: Command \magenta already defined.
               Or name \end... illegal, see p.192 of the manual.

See the LaTeX manual or LaTeX Companion for explanation.
Type  H <return>  for immediate help.
 ...                                              
                                                  
l.44 ...mand{\magenta}[1]{\textcolor{magenta}{#1}}
                                                  
Your command was ignored.
Type  I <command> <return>  to replace it with another command,
or  <return>  to continue without it.


! LaTeX Error: Command \green already defined.
               Or name \end... illegal, see p.192 of the manual.

See the LaTeX manual or LaTeX Companion for explanation.
Type  H <return>  for immediate help.
 ...                                              
                                                  
l.45 \newcommand{\green}[1]{\textcolor{green}{#1}}
                                                  
Your command was ignored.
Type  I <command> <return>  to replace it with another command,
or  <return>  to continue without it.

\c@prop=\count326
\c@defi=\count327
LaTeX Font Info:    Overwriting math alphabet `\mathsfit' in version `bold'
(Font)                  T1/cmss/m/sl --> T1/cmss/bx/n on input line 384.

! LaTeX Error: Command \sup already defined.
               Or name \end... illegal, see p.192 of the manual.

See the LaTeX manual or LaTeX Companion for explanation.
Type  H <return>  for immediate help.
 ...                                              
                                                  
l.597 ...reMathOperator*{\sup}{\operatorname{sup}}
                                                  
Your command was ignored.
Type  I <command> <return>  to replace it with another command,
or  <return>  to continue without it.

)
Package csquotes Info: Checking for multilingual support...
Package csquotes Info: ... none found.


Package csquotes Warning: No multilingual support.
(csquotes)                Cannot enable multilingual quotes on input line 69.

(/opt/texlive/2023/texmf-dist/tex/latex/l3backend/l3backend-pdftex.def
File: l3backend-pdftex.def 2023-03-30 L3 backend support: PDF output (pdfTeX)
\l__color_backend_stack_int=\count328
\l__pdf_internal_box=\box109
)
(./main.aux (./sections/intro.aux) (./sections/bayes/bayes.aux)
(./sections/learning.aux) (./sections/svm/intro.aux)
(./sections/svm/optimization.aux) (./sections/sampling.aux)
(./sections/gibbs.aux) (./sections/lda/topic_modeling.aux)
(./sections/generative/intro.aux) (./sections/generative/clustering.aux)
(./sections/generative/elbo.aux) (./sections/hmm/intro.aux)
(./sections/hmm/evaluation.aux) (./sections/hmm/decoding.aux)
(./sections/hmm/learning.aux) (./sections/hmm/summary.aux)
(./sections/generative/vae.aux) (./sections/generative/gan/gan.aux)
(./sections/generative/gan/wasserstein.aux)
(./sections/generative/gan/infogan.aux) (./sections/diffusion/intro.aux)
(./sections/diffusion/distribution.aux) (./sections/diffusion/summary.aux)
(./sections/diffusion/score_matching.aux))
\openout1 = `main.aux'.

LaTeX Font Info:    Checking defaults for OML/cmm/m/it on input line 69.
LaTeX Font Info:    ... okay on input line 69.
LaTeX Font Info:    Checking defaults for OMS/cmsy/m/n on input line 69.
LaTeX Font Info:    ... okay on input line 69.
LaTeX Font Info:    Checking defaults for OT1/cmr/m/n on input line 69.
LaTeX Font Info:    ... okay on input line 69.
LaTeX Font Info:    Checking defaults for T1/cmr/m/n on input line 69.
LaTeX Font Info:    ... okay on input line 69.
LaTeX Font Info:    Checking defaults for TS1/cmr/m/n on input line 69.
LaTeX Font Info:    ... okay on input line 69.
LaTeX Font Info:    Checking defaults for OMX/cmex/m/n on input line 69.
LaTeX Font Info:    ... okay on input line 69.
LaTeX Font Info:    Checking defaults for U/cmr/m/n on input line 69.
LaTeX Font Info:    ... okay on input line 69.
LaTeX Font Info:    Checking defaults for PD1/pdf/m/n on input line 69.
LaTeX Font Info:    ... okay on input line 69.
LaTeX Font Info:    Checking defaults for PU/pdf/m/n on input line 69.
LaTeX Font Info:    ... okay on input line 69.

*geometry* driver: auto-detecting
*geometry* detected driver: pdftex
*geometry* verbose mode - [ preamble ] result:
* driver: pdftex
* paper: a4paper
* layout: <same size as paper>
* layoutoffset:(h,v)=(0.0pt,0.0pt)
* modes: 
* h-part:(L,W,R)=(72.26999pt, 452.9679pt, 72.26999pt)
* v-part:(T,H,B)=(72.26999pt, 700.50687pt, 72.26999pt)
* \paperwidth=597.50787pt
* \paperheight=845.04684pt
* \textwidth=452.9679pt
* \textheight=700.50687pt
* \oddsidemargin=0.0pt
* \evensidemargin=0.0pt
* \topmargin=-31.8738pt
* \headheight=12.0pt
* \headsep=19.8738pt
* \topskip=11.0pt
* \footskip=27.46295pt
* \marginparwidth=53.0pt
* \marginparsep=7.0pt
* \columnsep=10.0pt
* \skip\footins=10.0pt plus 4.0pt minus 2.0pt
* \hoffset=0.0pt
* \voffset=0.0pt
* \mag=1000
* \@twocolumnfalse
* \@twosidefalse
* \@mparswitchfalse
* \@reversemarginfalse
* (1in=72.27pt=25.4mm, 1cm=28.453pt)

(/opt/texlive/2023/texmf-dist/tex/context/base/mkii/supp-pdf.mkii
[Loading MPS to PDF converter (version 2006.09.02).]
\scratchcounter=\count329
\scratchdimen=\dimen197
\scratchbox=\box110
\nofMPsegments=\count330
\nofMParguments=\count331
\everyMPshowfont=\toks30
\MPscratchCnt=\count332
\MPscratchDim=\dimen198
\MPnumerator=\count333
\makeMPintoPDFobject=\count334
\everyMPtoPDFconversion=\toks31
) (/opt/texlive/2023/texmf-dist/tex/latex/epstopdf-pkg/epstopdf-base.sty
Package: epstopdf-base 2020-01-24 v2.11 Base part for package epstopdf

(/opt/texlive/2023/texmf-dist/tex/latex/grfext/grfext.sty
Package: grfext 2019/12/03 v1.3 Manage graphics extensions (HO)
)
Package epstopdf-base Info: Redefining graphics rule for `.eps' on input line 4
85.
Package grfext Info: Graphics extension search list:
(grfext)             [.pdf,.png,.jpg,.mps,.jpeg,.jbig2,.jb2,.PDF,.PNG,.JPG,.JPE
G,.JBIG2,.JB2,.eps]
(grfext)             \AppendGraphicsExtensions on input line 504.

(/opt/texlive/2023/texmf-dist/tex/latex/latexconfig/epstopdf-sys.cfg
File: epstopdf-sys.cfg 2010/07/13 v1.3 Configuration of (r)epstopdf for TeX Liv
e
))
Package hyperref Info: Link coloring OFF on input line 69.

(./main.out) (./main.out)
\@outlinefile=\write3
\openout3 = `main.out'.

LaTeX Info: Redefining \microtypecontext on input line 69.
Package microtype Info: Applying patch `item' on input line 69.
Package microtype Info: Applying patch `toc' on input line 69.
Package microtype Info: Applying patch `eqnum' on input line 69.
Package microtype Info: Applying patch `footnote' on input line 69.
Package microtype Info: Applying patch `verbatim' on input line 69.
Package microtype Info: Generating PDF output.
Package microtype Info: Character protrusion enabled (level 2).
Package microtype Info: Using default protrusion set `alltext'.
Package microtype Info: Automatic font expansion enabled (level 2),
(microtype)             stretch: 20, shrink: 20, step: 1, non-selected.
Package microtype Info: Using default expansion set `alltext-nott'.
LaTeX Info: Redefining \showhyphens on input line 69.
Package microtype Info: No adjustment of tracking.
Package microtype Info: No adjustment of interword spacing.
Package microtype Info: No adjustment of character kerning.

(/opt/texlive/2023/texmf-dist/tex/latex/microtype/mt-cmr.cfg
File: mt-cmr.cfg 2013/05/19 v2.2 microtype config. file: Computer Modern Roman 
(RS)
)
\c@lstlisting=\count335
<./logo/ntunlp_logo.png, id=466, 233.4321pt x 144.54pt>
File: ./logo/ntunlp_logo.png Graphic file (type png)
<use ./logo/ntunlp_logo.png>
Package pdftex.def Info: ./logo/ntunlp_logo.png  used on input line 76.
(pdftex.def)             Requested size: 181.18439pt x 112.19156pt.
LaTeX Font Info:    Trying to load font information for T1+cmtt on input line 8
4.

(/opt/texlive/2023/texmf-dist/tex/latex/base/t1cmtt.fd
File: t1cmtt.fd 2022/07/10 v2.5l Standard LaTeX font definitions
)
Package microtype Info: Loading generic protrusion settings for font family
(microtype)             `cmtt' (encoding: T1).
(microtype)             For optimal results, create family-specific settings.
(microtype)             See the microtype manual for details.
 [1


{/opt/texlive/2023/texmf-var/fonts/map/pdftex/updmap/pdftex.map}{/opt/texlive/2
023/texmf-dist/fonts/enc/dvips/cm-super/cm-super-t1.enc} <./logo/ntunlp_logo.pn
g>] (./main.toc
LaTeX Font Info:    Trying to load font information for U+msa on input line 2.

(/opt/texlive/2023/texmf-dist/tex/latex/amsfonts/umsa.fd
File: umsa.fd 2013/01/14 v3.01 AMS symbols A
)
(/opt/texlive/2023/texmf-dist/tex/latex/microtype/mt-msa.cfg
File: mt-msa.cfg 2006/02/04 v1.1 microtype config. file: AMS symbols (a) (RS)
)
LaTeX Font Info:    Trying to load font information for U+msb on input line 2.

(/opt/texlive/2023/texmf-dist/tex/latex/amsfonts/umsb.fd
File: umsb.fd 2013/01/14 v3.01 AMS symbols B
)
(/opt/texlive/2023/texmf-dist/tex/latex/microtype/mt-msb.cfg
File: mt-msb.cfg 2005/06/01 v1.0 microtype config. file: AMS symbols (b) (RS)
)
pdfTeX warning (ext4): destination with the same identifier (name{page.1}) has 
been already used, duplicate ignored
<to be read again> 
                   \relax 
l.20 ... {6}Support Vector Machine}{16}{chapter.6}
                                                  % [1

] [2] [3] [4])
\tf@toc=\write4
\openout4 = `main.toc'.

 [5]
\openout2 = `./sections/intro.aux'.


(./sections/intro.tex
Chapter 1.

pdfTeX warning (ext4): destination with the same identifier (name{page.1}) has 
been already used, duplicate ignored
<to be read again> 
                   \relax 
l.35 ...y) = f_X(g^{-1}(y))\frac{d}{dy}g^{-1}(y)$$
                                                   [1



] (./sections/gaussian.tex
pdfTeX warning (ext4): destination with the same identifier (name{page.2}) has 
been already used, duplicate ignored
<to be read again> 
                   \relax 
l.22 \end{align*}
                  [2]) (./sections/naive_bayes.tex
<./images/conditional_independence.pdf, id=642, 218.06673pt x 172.89798pt>
File: ./images/conditional_independence.pdf Graphic file (type pdf)
<use ./images/conditional_independence.pdf>
Package pdftex.def Info: ./images/conditional_independence.pdf  used on input l
ine 19.
(pdftex.def)             Requested size: 109.03308pt x 86.44876pt.


LaTeX Warning: `h' float specifier changed to `ht'.


pdfTeX warning (ext4): destination with the same identifier (name{page.3}) has 
been already used, duplicate ignored
<to be read again> 
                   \relax 
l.25 
      [3{/opt/texlive/2023/texmf-dist/fonts/enc/dvips/cm-super/cm-super-ts1.enc
}]
LaTeX Font Info:    Trying to load font information for U+dsrom on input line 3
4.
 (/opt/texlive/2023/texmf-dist/tex/latex/doublestroke/Udsrom.fd
File: Udsrom.fd 1995/08/01 v0.1 Double stroke roman font definitions
)
Package microtype Info: Fixing zero \fontdimen 6 for font `U/dsrom/m/n/10.95'
(microtype)             (new value: 10.95pt) on input line 34.
Package microtype Info: Fixing zero \fontdimen 6 for font `U/dsrom/m/n/8'
(microtype)             (new value: 8.0pt) on input line 34.
Package microtype Info: Fixing zero \fontdimen 6 for font `U/dsrom/m/n/6'
(microtype)             (new value: 6.0pt) on input line 34.
)
(./sections/logistic_reg.tex
pdfTeX warning (ext4): destination with the same identifier (name{page.4}) has 
been already used, duplicate ignored
<to be read again> 
                   \relax 
l.1 \section
            {Logistic Regression} [4 <./images/conditional_independence.pdf>]
Package microtype Info: Fixing zero \fontdimen 6 for font `U/dsrom/m/n/9'
(microtype)             (new value: 9.0pt) on input line 26.
Package microtype Info: Fixing zero \fontdimen 6 for font `U/dsrom/m/n/5'
(microtype)             (new value: 5.0pt) on input line 26.

pdfTeX warning (ext4): destination with the same identifier (name{page.5}) has 
been already used, duplicate ignored
<to be read again> 
                   \relax 
l.35 \begin{align*}
                    [5])) [6]
\openout2 = `./sections/bayes/bayes.aux'.

 (./sections/bayes/bayes.tex
Chapter 2.

Overfull \hbox (7.49957pt too wide) detected at line 11
[]
 []

[7




]) [8]
\openout2 = `./sections/learning.aux'.

 (./sections/learning.tex
Chapter 3.
[9




] [10]) [11] [12



] (./sections/kernel/kernel_methods.tex
Chapter 4.
[13

]) (./sections/gaussian_process/gp.tex [14]
Chapter 5.
) (./sections/svm/svm.tex [15

]
\openout2 = `./sections/svm/intro.aux'.

 (./sections/svm/intro.tex
Chapter 6.
[16


] [17] (./sections/svm/kernel.tex)) [18]
\openout2 = `./sections/svm/optimization.aux'.

 (./sections/svm/optimization.tex
[19



] [20]) [21]) [22



]
\openout2 = `./sections/sampling.aux'.

 (./sections/sampling.tex
Chapter 7.
<./images/sampling/inverse.jpg, id=787, 401.5pt x 319.1925pt>
File: ./images/sampling/inverse.jpg Graphic file (type jpg)
<use ./images/sampling/inverse.jpg>
Package pdftex.def Info: ./images/sampling/inverse.jpg  used on input line 27.
(pdftex.def)             Requested size: 240.90184pt x 191.51697pt.
<./images/sampling/cdf.pdf, id=788, 127.2982pt x 135.44702pt>
File: ./images/sampling/cdf.pdf Graphic file (type pdf)
<use ./images/sampling/cdf.pdf>
Package pdftex.def Info: ./images/sampling/cdf.pdf  used on input line 34.
(pdftex.def)             Requested size: 152.75705pt x 162.5356pt.
[23


] [24 <./images/sampling/inverse.jpg> <./images/sampling/cdf.pdf>]
<./images/sampling/rejection.pdf, id=813, 394.11713pt x 269.34775pt>
File: ./images/sampling/rejection.pdf Graphic file (type pdf)
<use ./images/sampling/rejection.pdf>
Package pdftex.def Info: ./images/sampling/rejection.pdf  used on input line 67
.
(pdftex.def)             Requested size: 197.05807pt x 134.67354pt.
 [25 <./images/sampling/rejection.pdf>]) [26]
\openout2 = `./sections/gibbs.aux'.

 (./sections/gibbs.tex [27



] [28]) [29]
\openout2 = `./sections/lda/topic_modeling.aux'.


(./sections/lda/topic_modeling.tex
Chapter 8.
(./sections/lda/lda.tex
<./images/lda/lda.pdf, id=848, 432.12204pt x 108.10841pt>
File: ./images/lda/lda.pdf Graphic file (type pdf)
<use ./images/lda/lda.pdf>
Package pdftex.def Info: ./images/lda/lda.pdf  used on input line 15.
(pdftex.def)             Requested size: 432.12099pt x 108.10814pt.
 [30




 <./images/lda/lda.pdf>])) [31]
(./sections/generative/generative.tex
\openout2 = `./sections/generative/intro.aux'.

 (./sections/generative/intro.tex
Chapter 9.
! Undefined control sequence.
l.5 ...r. Imagine, how can we find $z^* = \argmaxE
                                                  _{z} p(\mathbf{x|z})$ for ...
The control sequence at the end of the top line
of your error message was never \def'ed. If you have
misspelled it (e.g., `\hobx'), type `I' and the correct
spelling (e.g., `I\hbox'). Otherwise just continue,
and I'll forget about whatever was undefined.

<./images/generative/latent.png, id=892, 1107.13625pt x 369.38pt>
File: ./images/generative/latent.png Graphic file (type png)
<use ./images/generative/latent.png>
Package pdftex.def Info: ./images/generative/latent.png  used on input line 9.
(pdftex.def)             Requested size: 276.78339pt x 92.34477pt.
) [32




 <./images/generative/latent.png>]
\openout2 = `./sections/generative/clustering.aux'.

 (./sections/generative/clustering.tex
Chapter 10.
(./sections/generative/kmeans.tex [33




]) [34] (./sections/generative/gmm.tex
[35]
<./images/generative/gmm.png, id=913, 256.96pt x 197.73875pt>
File: ./images/generative/gmm.png Graphic file (type png)
<use ./images/generative/gmm.png>
Package pdftex.def Info: ./images/generative/gmm.png  used on input line 82.
(pdftex.def)             Requested size: 102.78217pt x 79.09409pt.


LaTeX Warning: `h' float specifier changed to `ht'.

[36] [37 <./images/generative/gmm.png>] [38]
Overfull \hbox (33.73181pt too wide) detected at line 177
[][] 
 []

<./images/generative/em_update.png, id=934, 776.9025pt x 553.06625pt>
File: ./images/generative/em_update.png Graphic file (type png)
<use ./images/generative/em_update.png>
Package pdftex.def Info: ./images/generative/em_update.png  used on input line 
180.
(pdftex.def)             Requested size: 233.07254pt x 165.92114pt.
[39 <./images/generative/em_update.png>])) [40]
\openout2 = `./sections/generative/elbo.aux'.

 (./sections/generative/elbo.tex [41



] [42]) [43] (./sections/hmm/hmm.tex
\openout2 = `./sections/hmm/intro.aux'.

 (./sections/hmm/intro.tex
Chapter 11.
<./images/hmm/bayes.jpg, id=968, 746.01291pt x 559.50967pt>
File: ./images/hmm/bayes.jpg Graphic file (type jpg)
<use ./images/hmm/bayes.jpg>
Package pdftex.def Info: ./images/hmm/bayes.jpg  used on input line 41.
(pdftex.def)             Requested size: 223.80559pt x 167.8542pt.
[44




]
<./images/hmm/cascade.pdf, id=973, 480.50157pt x 197.64934pt>
File: ./images/hmm/cascade.pdf Graphic file (type pdf)
<use ./images/hmm/cascade.pdf>
Package pdftex.def Info: ./images/hmm/cascade.pdf  used on input line 59.
(pdftex.def)             Requested size: 240.2502pt x 98.82442pt.
 [45 <./images/hmm/bayes.jpg> <./images/hmm/cascade.pdf>] [46]
<./images/hmm/hmm_figure.pdf, id=1023, 354.6048pt x 188.18106pt>
File: ./images/hmm/hmm_figure.pdf Graphic file (type pdf)
<use ./images/hmm/hmm_figure.pdf>
Package pdftex.def Info: ./images/hmm/hmm_figure.pdf  used on input line 81.
(pdftex.def)             Requested size: 248.22165pt x 131.72583pt.
) [47 <./images/hmm/hmm_figure.pdf>]
\openout2 = `./sections/hmm/evaluation.aux'.

 (./sections/hmm/evaluation.tex [48



] [49]) [50]
\openout2 = `./sections/hmm/decoding.aux'.


(./sections/hmm/decoding.tex [51



]) [52]
\openout2 = `./sections/hmm/learning.aux'.

 (./sections/hmm/learning.tex [53



])
[54]
\openout2 = `./sections/hmm/summary.aux'.

 (./sections/hmm/summary.tex) [55



])
\openout2 = `./sections/generative/vae.aux'.

 (./sections/generative/vae.tex
Chapter 12.
<./images/generative/dgm.pdf, id=1098, 253.89787pt x 116.53172pt>
File: ./images/generative/dgm.pdf Graphic file (type pdf)
<use ./images/generative/dgm.pdf>
Package pdftex.def Info: ./images/generative/dgm.pdf  used on input line 8.
(pdftex.def)             Requested size: 126.94862pt x 58.2657pt.
<./images/generative/encoder.pdf, id=1099, 400.0012pt x 264.34709pt>
File: ./images/generative/encoder.pdf Graphic file (type pdf)
<use ./images/generative/encoder.pdf>
Package pdftex.def Info: ./images/generative/encoder.pdf  used on input line 27
.
(pdftex.def)             Requested size: 200.0001pt x 132.17322pt.

LaTeX Warning: `h' float specifier changed to `ht'.

[56




 <./images/generative/dgm.pdf>] [57 <./images/generative/encoder.pdf>]
[58]) [59]
\openout2 = `./sections/generative/gan/gan.aux'.

 (./sections/generative/gan/gan.tex
Chapter 13.
<./images/generative/gan/gan_model.pdf, id=1130, 408.55884pt x 229.16408pt>
File: ./images/generative/gan/gan_model.pdf Graphic file (type pdf)
<use ./images/generative/gan/gan_model.pdf>
Package pdftex.def Info: ./images/generative/gan/gan_model.pdf  used on input l
ine 15.
(pdftex.def)             Requested size: 204.27892pt x 114.58174pt.
[60




 <./images/generative/gan/gan_model.pdf>] [61]
Overfull \hbox (42.64665pt too wide) detected at line 96
[]
 []

<./images/generative/gan/gan_algorithm.png, id=1145, 1218.5525pt x 801.99625pt>

File: ./images/generative/gan/gan_algorithm.png Graphic file (type png)
<use ./images/generative/gan/gan_algorithm.png>
Package pdftex.def Info: ./images/generative/gan/gan_algorithm.png  used on inp
ut line 105.
(pdftex.def)             Requested size: 365.56857pt x 240.60072pt.

LaTeX Warning: `h' float specifier changed to `ht'.

[62]) [63 <./images/generative/gan/gan_algorithm.png>]
\openout2 = `./sections/generative/gan/wasserstein.aux'.


(./sections/generative/gan/wasserstein.tex
<./images/generative/gan/twodist.pdf, id=1157, 480.49297pt x 174.57538pt>
File: ./images/generative/gan/twodist.pdf Graphic file (type pdf)
<use ./images/generative/gan/twodist.pdf>
Package pdftex.def Info: ./images/generative/gan/twodist.pdf  used on input lin
e 22.
(pdftex.def)             Requested size: 240.2459pt x 87.28748pt.
<./images/generative/gan/wassersteinexample.png, id=1159, 1046.91125pt x 657.45
625pt>
File: ./images/generative/gan/wassersteinexample.png Graphic file (type png)
<use ./images/generative/gan/wassersteinexample.png>
Package pdftex.def Info: ./images/generative/gan/wassersteinexample.png  used o
n input line 43.
(pdftex.def)             Requested size: 261.72717pt x 164.36366pt.


LaTeX Warning: `h' float specifier changed to `ht'.

[64



 <./images/generative/gan/twodist.pdf>] [65 <./images/generative/gan/wasserstei
nexample.png>]
! Undefined control sequence.
l.91 ...should be $K$-Lipschitz continuous. \citep
                                                  {Lil2017}
The control sequence at the end of the top line
of your error message was never \def'ed. If you have
misspelled it (e.g., `\hobx'), type `I' and the correct
spelling (e.g., `I\hbox'). Otherwise just continue,
and I'll forget about whatever was undefined.

<./images/generative/gan/wgan.jpeg, id=1173, 1606.0pt x 545.03625pt>
File: ./images/generative/gan/wgan.jpeg Graphic file (type jpg)
<use ./images/generative/gan/wgan.jpeg>
Package pdftex.def Info: ./images/generative/gan/wgan.jpeg  used on input line 
99.
(pdftex.def)             Requested size: 401.49902pt x 136.25873pt.

LaTeX Warning: `h' float specifier changed to `ht'.

<./images/generative/gan/wgan_2.jpeg, id=1174, 1573.88pt x 386.44376pt>
File: ./images/generative/gan/wgan_2.jpeg Graphic file (type jpg)
<use ./images/generative/gan/wgan_2.jpeg>
Package pdftex.def Info: ./images/generative/gan/wgan_2.jpeg  used on input lin
e 107.
(pdftex.def)             Requested size: 314.77043pt x 77.28737pt.

LaTeX Warning: `h' float specifier changed to `ht'.

) [66] [67 <./images/generative/gan/wgan.jpeg> <./images/generative/gan/wgan_2.
jpeg>]
\openout2 = `./sections/generative/gan/infogan.aux'.

 (./sections/generative/gan/infogan.tex [68



]

! LaTeX Error: Environment lemma undefined.

See the LaTeX manual or LaTeX Companion for explanation.
Type  H <return>  for immediate help.
 ...                                              
                                                  
l.43 \begin{lemma}
                  
Your command was ignored.
Type  I <command> <return>  to replace it with another command,
or  <return>  to continue without it.


! LaTeX Error: Environment proof undefined.

See the LaTeX manual or LaTeX Companion for explanation.
Type  H <return>  for immediate help.
 ...                                              
                                                  
l.46 	\begin{proof}
                   
Your command was ignored.
Type  I <command> <return>  to replace it with another command,
or  <return>  to continue without it.


! LaTeX Error: \begin{document} ended by \end{proof}.

See the LaTeX manual or LaTeX Companion for explanation.
Type  H <return>  for immediate help.
 ...                                              
                                                  
l.56 	\end{proof}
                 
Your command was ignored.
Type  I <command> <return>  to replace it with another command,
or  <return>  to continue without it.


! LaTeX Error: \begin{document} ended by \end{lemma}.

See the LaTeX manual or LaTeX Companion for explanation.
Type  H <return>  for immediate help.
 ...                                              
                                                  
l.58 \end{lemma}
                
Your command was ignored.
Type  I <command> <return>  to replace it with another command,
or  <return>  to continue without it.

) [69]) (./sections/diffusion/diffusion_model.tex
\openout2 = `./sections/diffusion/intro.aux'.


(./sections/diffusion/intro.tex
Chapter 14.
<./images/diffusion/diffusion_model.png, id=1201, 1488.56125pt x 318.18875pt>
File: ./images/diffusion/diffusion_model.png Graphic file (type png)
<use ./images/diffusion/diffusion_model.png>
Package pdftex.def Info: ./images/diffusion/diffusion_model.png  used on input 
line 33.
(pdftex.def)             Requested size: 416.79431pt x 89.09224pt.
[70




] [71 <./images/diffusion/diffusion_model.png>] [72]
<./images/diffusion/reverse.png, id=1237, 1351.0475pt x 341.275pt>
File: ./images/diffusion/reverse.png Graphic file (type png)
<use ./images/diffusion/reverse.png>
Package pdftex.def Info: ./images/diffusion/reverse.png  used on input line 177
.
(pdftex.def)             Requested size: 405.31738pt x 102.38329pt.
) [73 <./images/diffusion/reverse.png>]
\openout2 = `./sections/diffusion/distribution.aux'.

 (./sections/diffusion/distribution.tex [74



] [75]
! Double subscript.
<argument> ...}[\log p(\rvx _0|\rvx _{1})]-D_{KL}_
                                                  (q(\rvx _{T}|\rvx _0)||p(\...
l.71 \end{align}
                
I treat `x_1_2' essentially like `x_1{}_2'.

! Double subscript.
<argument> ...}[\log p(\rvx _0|\rvx _{1})]-D_{KL}_
                                                  (q(\rvx _{T}|\rvx _0)||p(\...
l.71 \end{align}
                
I treat `x_1_2' essentially like `x_1{}_2'.


Overfull \hbox (15.61081pt too wide) detected at line 71
[]
 []

[76]
! Double subscript.
l.75 	\item $D_{KL}_
                    (q(\rvx_{T}|\rvx_0)||p(\rvx_T))$: Prior matching term.
I treat `x_1_2' essentially like `x_1{}_2'.


! LaTeX Error: Unicode character − (U+2212)
               not set up for use with LaTeX.

See the LaTeX manual or LaTeX Companion for explanation.
Type  H <return>  for immediate help.
 ...                                              
                                                  
l.81 			\item $p_\theta(\rvx_{t−
                                  1}|\rvx_t)$ as an approximation to tractab...

You may provide a definition with
\DeclareUnicodeCharacter 


! LaTeX Error: Unicode character − (U+2212)
               not set up for use with LaTeX.

See the LaTeX manual or LaTeX Companion for explanation.
Type  H <return>  for immediate help.
 ...                                              
                                                  
l.81 ...th denoising transition step $q(\rvx_{t−
                                                  1}|\rvx_t, \rvx_0)$. The $...

You may provide a definition with
\DeclareUnicodeCharacter 


! LaTeX Error: Unicode character − (U+2212)
               not set up for use with LaTeX.

See the LaTeX manual or LaTeX Companion for explanation.
Type  H <return>  for immediate help.
 ...                                              
                                                  
l.81 ...t−1}|\rvx_t, \rvx_0)$. The $q(\rvx_{t−
                                                  1}|\rvx_t, \rvx_0)$ transi...

You may provide a definition with
\DeclareUnicodeCharacter 

[77]
Overfull \hbox (15.16049pt too wide) in paragraph at lines 115--116
[]\T1/cmr/m/n/10.95 (-20) We can use the []Eq. (14.45)[] to com-pute the op-ti-
mal $\OML/cmm/m/it/10.95 ^^R$ \T1/cmr/m/n/10.95 (-20) by solv-ing $[][] \OML/cm
m/m/it/10.95 D[]\OT1/cmr/m/n/10.95 (-20) (\OML/cmm/m/it/10.95 q\OT1/cmr/m/n/10.
95 (-20) (\OT1/cmr/bx/n/10.95 (-20) x[]\OMS/cmsy/m/n/10.95 j\OT1/cmr/bx/n/10.95
 (-20) x[]\OML/cmm/m/it/10.95 ; \OT1/cmr/bx/n/10.95 (-20) x[]\OT1/cmr/m/n/10.95
 (-20) )\OMS/cmsy/m/n/10.95 k\OML/cmm/m/it/10.95 p[]\OT1/cmr/m/n/10.95 (-20) (\
OT1/cmr/bx/n/10.95 (-20) x[]\OMS/cmsy/m/n/10.95 j\OT1/cmr/bx/n/10.95 (-20) x[]\
OT1/cmr/m/n/10.95 (-20) ))$\T1/cmr/m/n/10.95 (-20) ,
 []

[78]
! Extra }, or forgotten $.
l.144 ...0 \sim \mathcal{N}(\boldsymbol{\epsilon}}
                                                  ; \mathbf{0}, \mathbf{I})$...
I've deleted a group-closing symbol because it seems to be
spurious, as in `$x}$'. But perhaps the } is legitimate and
you forgot something else, as in `\hbox{$x}'. In such cases
the way to recover is to insert both the forgotten and the
deleted material, e.g., by typing `I$}'.

) [79]
\openout2 = `./sections/diffusion/summary.aux'.

 (./sections/diffusion/summary.tex
! Misplaced alignment tab character &.
l.19 	\item $q(\rvx_t \vert \rvx_{t-1}) &
                                         = \mathcal{N}(\mathbf{x}_t; \sqrt{1...
I can't figure out why you would want to use a tab mark
here. If you just want an ampersand, the remedy is
simple: Just type `I\&' now. But if some right brace
up above has ended a previous alignment prematurely,
you're probably due for more error messages, and you
might try typing `S' now just to see what is salvageable.

[80



]
! Undefined control sequence.
<recently read> \State 
                       
l.74 		\textbf
              {return} $\rvx_0$
The control sequence at the end of the top line
of your error message was never \def'ed. If you have
misspelled it (e.g., `\hobx'), type `I' and the correct
spelling (e.g., `I\hbox'). Otherwise just continue,
and I'll forget about whatever was undefined.


! LaTeX Error: \begin{algorithm} on input line 66 ended by \end{algorithm*}.

See the LaTeX manual or LaTeX Companion for explanation.
Type  H <return>  for immediate help.
 ...                                              
                                                  
l.75 \end{algorithm*}
                     
Your command was ignored.
Type  I <command> <return>  to replace it with another command,
or  <return>  to continue without it.

) [81]
\openout2 = `./sections/diffusion/score_matching.aux'.

 (./sections/diffusion/score_matching.tex [82



] [83]

LaTeX Warning: Citation `sgld2011' on page 84 undefined on input line 113.

[84]) [85]) [86



] (./sections/nlp/nlp.tex
Chapter 15.
(./sections/nlp/metrics.tex [87

]) [88]
Chapter 16.
(./sections/nlp/transformer.tex
<./images/transformer/attention_database.pdf, id=1381, 70.63686pt x 62.95682pt>

File: ./images/transformer/attention_database.pdf Graphic file (type pdf)
<use ./images/transformer/attention_database.pdf>
Package pdftex.def Info: ./images/transformer/attention_database.pdf  used on i
nput line 7.
(pdftex.def)             Requested size: 141.27332pt x 125.9133pt.
<./images/transformer/attention.pdf, id=1382, 321.07506pt x 168.23523pt>
File: ./images/transformer/attention.pdf Graphic file (type pdf)
<use ./images/transformer/attention.pdf>
Package pdftex.def Info: ./images/transformer/attention.pdf  used on input line
 13.
(pdftex.def)             Requested size: 256.86038pt x 134.58835pt.
 [89

 <./images/transformer/attention_database.pdf> <./images/transformer/attention.
pdf

pdfTeX warning: pdflatex (file ./images/transformer/attention.pdf): PDF inclusi
on: multiple pdfs with page group included in a single page
>]
<./images/transformer/positional_1.png, id=1458, 436.63126pt x 341.77687pt>
File: ./images/transformer/positional_1.png Graphic file (type png)
<use ./images/transformer/positional_1.png>
Package pdftex.def Info: ./images/transformer/positional_1.png  used on input l
ine 38.
(pdftex.def)             Requested size: 261.98077pt x 205.0677pt.
)) [90 <./images/transformer/positional_1.png (PNG copy)>] (./main.bbl)
[91


] (./main.aux (./sections/intro.aux) (./sections/bayes/bayes.aux)
(./sections/learning.aux) (./sections/svm/intro.aux)
(./sections/svm/optimization.aux) (./sections/sampling.aux)
(./sections/gibbs.aux) (./sections/lda/topic_modeling.aux)
(./sections/generative/intro.aux) (./sections/generative/clustering.aux)
(./sections/generative/elbo.aux) (./sections/hmm/intro.aux)
(./sections/hmm/evaluation.aux) (./sections/hmm/decoding.aux)
(./sections/hmm/learning.aux) (./sections/hmm/summary.aux)
(./sections/generative/vae.aux) (./sections/generative/gan/gan.aux)
(./sections/generative/gan/wasserstein.aux)
(./sections/generative/gan/infogan.aux) (./sections/diffusion/intro.aux)
(./sections/diffusion/distribution.aux) (./sections/diffusion/summary.aux)
(./sections/diffusion/score_matching.aux))

LaTeX Warning: There were undefined references.


LaTeX Warning: Label(s) may have changed. Rerun to get cross-references right.

Package rerunfilecheck Info: File `main.out' has not changed.
(rerunfilecheck)             Checksum: 5D649B487332258A2A43124677405E25;19200.
 ) 
Here is how much of TeX's memory you used:
 20453 strings out of 476017
 347131 string characters out of 5767818
 1880666 words of memory out of 5000000
 39617 multiletter control sequences out of 15000+600000
 550440 words of font info for 272 fonts, out of 8000000 for 9000
 1141 hyphenation exceptions out of 8191
 75i,19n,76p,1001b,675s stack positions out of 10000i,1000n,20000p,200000b,200000s

pdfTeX warning (dest): name{Hfootnote.4} has been referenced but does not exist
, replaced by a fixed one


pdfTeX warning (dest): name{Hfootnote.3} has been referenced but does not exist
, replaced by a fixed one

</opt/texlive/2023/texmf-dist/fonts/type1/public/amsfonts/cm/cmbx10.pfb></opt/t
exlive/2023/texmf-dist/fonts/type1/public/amsfonts/cm/cmbx8.pfb></opt/texlive/2
023/texmf-dist/fonts/type1/public/amsfonts/cm/cmex10.pfb></opt/texlive/2023/tex
mf-dist/fonts/type1/public/amsfonts/cmextra/cmex8.pfb></opt/texlive/2023/texmf-
dist/fonts/type1/public/amsfonts/cm/cmmi10.pfb></opt/texlive/2023/texmf-dist/fo
nts/type1/public/amsfonts/cm/cmmi6.pfb></opt/texlive/2023/texmf-dist/fonts/type
1/public/amsfonts/cm/cmmi8.pfb></opt/texlive/2023/texmf-dist/fonts/type1/public
/amsfonts/cm/cmmi9.pfb></opt/texlive/2023/texmf-dist/fonts/type1/public/amsfont
s/cm/cmmib10.pfb></opt/texlive/2023/texmf-dist/fonts/type1/public/amsfonts/cmex
tra/cmmib8.pfb></opt/texlive/2023/texmf-dist/fonts/type1/public/amsfonts/cm/cmr
10.pfb></opt/texlive/2023/texmf-dist/fonts/type1/public/amsfonts/cm/cmr6.pfb></
opt/texlive/2023/texmf-dist/fonts/type1/public/amsfonts/cm/cmr8.pfb></opt/texli
ve/2023/texmf-dist/fonts/type1/public/amsfonts/cm/cmr9.pfb></opt/texlive/2023/t
exmf-dist/fonts/type1/public/amsfonts/cm/cmsy10.pfb></opt/texlive/2023/texmf-di
st/fonts/type1/public/amsfonts/cm/cmsy6.pfb></opt/texlive/2023/texmf-dist/fonts
/type1/public/amsfonts/cm/cmsy8.pfb></opt/texlive/2023/texmf-dist/fonts/type1/p
ublic/amsfonts/cm/cmsy9.pfb></opt/texlive/2023/texmf-dist/fonts/type1/public/do
ublestroke/dsrom8.pfb></opt/texlive/2023/texmf-dist/fonts/type1/public/amsfonts
/symbols/msam10.pfb></opt/texlive/2023/texmf-dist/fonts/type1/public/amsfonts/s
ymbols/msbm10.pfb></opt/texlive/2023/texmf-dist/fonts/type1/public/cm-super/sfb
i1095.pfb></opt/texlive/2023/texmf-dist/fonts/type1/public/cm-super/sfbx1095.pf
b></opt/texlive/2023/texmf-dist/fonts/type1/public/cm-super/sfbx1200.pfb></opt/
texlive/2023/texmf-dist/fonts/type1/public/cm-super/sfbx1440.pfb></opt/texlive/
2023/texmf-dist/fonts/type1/public/cm-super/sfbx2074.pfb></opt/texlive/2023/tex
mf-dist/fonts/type1/public/cm-super/sfbx2488.pfb></opt/texlive/2023/texmf-dist/
fonts/type1/public/cm-super/sfrm0600.pfb></opt/texlive/2023/texmf-dist/fonts/ty
pe1/public/cm-super/sfrm0800.pfb></opt/texlive/2023/texmf-dist/fonts/type1/publ
ic/cm-super/sfrm0900.pfb></opt/texlive/2023/texmf-dist/fonts/type1/public/cm-su
per/sfrm1095.pfb></opt/texlive/2023/texmf-dist/fonts/type1/public/cm-super/sfrm
1440.pfb></opt/texlive/2023/texmf-dist/fonts/type1/public/cm-super/sfsl1095.pfb
></opt/texlive/2023/texmf-dist/fonts/type1/public/cm-super/sfti1095.pfb></opt/t
exlive/2023/texmf-dist/fonts/type1/public/cm-super/sftt1095.pfb></opt/texlive/2
023/texmf-dist/fonts/type1/public/cm-super/sftt1440.pfb>
Output written on main.pdf (97 pages, 3473580 bytes).
PDF statistics:
 1718 PDF objects out of 1728 (max. 8388607)
 1448 compressed objects within 15 object streams
 422 named destinations out of 1000 (max. 500000)
 61462 words of extra memory for PDF output out of 61914 (max. 10000000)

