\BOOKMARK [0][-]{chapter.1}{\376\377\000I\000n\000t\000r\000o\000d\000u\000c\000t\000i\000o\000n}{}% 1
\BOOKMARK [1][-]{section.1.1}{\376\377\000P\000r\000o\000b\000a\000b\000i\000l\000i\000t\000y}{chapter.1}% 2
\BOOKMARK [1][-]{section.1.2}{\376\377\000N\000a\000i\000v\000e\000\040\000B\000a\000y\000e\000s}{chapter.1}% 3
\BOOKMARK [1][-]{section.1.3}{\376\377\000L\000o\000g\000i\000s\000t\000i\000c\000\040\000R\000e\000g\000r\000e\000s\000s\000i\000o\000n}{chapter.1}% 4
\BOOKMARK [0][-]{chapter.2}{\376\377\000T\000r\000a\000i\000n\000i\000n\000g\000,\000\040\000T\000e\000s\000t\000i\000n\000g\000,\000\040\000a\000n\000d\000\040\000R\000e\000g\000u\000l\000a\000r\000i\000z\000a\000t\000i\000o\000n}{}% 5
\BOOKMARK [1][-]{section.2.1}{\376\377\000S\000o\000u\000r\000c\000e\000s\000\040\000o\000f\000\040\000E\000r\000r\000o\000r\000\040\000i\000n\000\040\000M\000L}{chapter.2}% 6
\BOOKMARK [2][-]{subsection.2.1.1}{\376\377\000A\000l\000t\000e\000r\000n\000a\000t\000i\000v\000e\000\040\000D\000e\000r\000i\000v\000a\000t\000i\000o\000n}{section.2.1}% 7
\BOOKMARK [0][-]{chapter.3}{\376\377\000S\000u\000p\000p\000o\000r\000t\000\040\000V\000e\000c\000t\000o\000r\000\040\000M\000a\000c\000h\000i\000n\000e}{}% 8
\BOOKMARK [1][-]{section.3.1}{\376\377\000I\000n\000t\000r\000o\000d\000u\000c\000t\000i\000o\000n}{chapter.3}% 9
\BOOKMARK [2][-]{subsection.3.1.1}{\376\377\000O\000r\000t\000h\000o\000g\000o\000n\000a\000l\000\040\000P\000r\000o\000j\000e\000c\000t\000i\000o\000n}{section.3.1}% 10
\BOOKMARK [1][-]{section.3.2}{\376\377\000D\000e\000c\000i\000s\000i\000o\000n\000\040\000B\000o\000u\000n\000d\000a\000r\000y\000\040\000w\000i\000t\000h\000\040\000M\000a\000r\000g\000i\000n}{chapter.3}% 11
\BOOKMARK [1][-]{section.3.3}{\376\377\000E\000r\000r\000o\000r\000\040\000H\000a\000n\000d\000l\000i\000n\000g\000\040\000i\000n\000\040\000S\000V\000M}{chapter.3}% 12
\BOOKMARK [1][-]{section.3.4}{\376\377\000K\000e\000r\000n\000e\000l\000\040\000T\000r\000i\000c\000k}{chapter.3}% 13
\BOOKMARK [1][-]{section.3.5}{\376\377\000S\000V\000M\000\040\000O\000p\000t\000i\000m\000i\000z\000a\000t\000i\000o\000n\000:\000\040\000L\000a\000g\000r\000a\000n\000g\000e\000\040\000M\000u\000l\000t\000i\000p\000l\000i\000e\000r\000s}{chapter.3}% 14
\BOOKMARK [1][-]{section.3.6}{\376\377\000T\000h\000e\000\040\000W\000o\000l\000f\000e\000\040\000D\000u\000a\000l\000\040\000P\000r\000o\000b\000l\000e\000m}{chapter.3}% 15
\BOOKMARK [1][-]{section.3.7}{\376\377\000K\000a\000r\000u\000s\000h\000-\000K\000u\000h\000n\000-\000T\000u\000c\000k\000e\000r\000\040\000c\000o\000n\000d\000i\000t\000i\000o\000n\000s\000\040}{chapter.3}% 16
\BOOKMARK [0][-]{chapter.4}{\376\377\000S\000a\000m\000p\000l\000i\000n\000g\000\040\000B\000a\000s\000e\000d\000\040\000I\000n\000f\000e\000r\000e\000n\000c\000e}{}% 17
\BOOKMARK [1][-]{section.4.1}{\376\377\000B\000a\000s\000i\000c\000\040\000S\000a\000m\000p\000l\000i\000n\000g\000\040\000M\000e\000t\000h\000o\000d\000s}{chapter.4}% 18
\BOOKMARK [2][-]{subsection.4.1.1}{\376\377\000I\000n\000v\000e\000r\000s\000e\000\040\000T\000r\000a\000n\000s\000f\000o\000r\000m\000\040\000S\000a\000m\000p\000l\000i\000n\000g}{section.4.1}% 19
\BOOKMARK [2][-]{subsection.4.1.2}{\376\377\000A\000n\000c\000e\000s\000t\000r\000a\000l\000\040\000S\000a\000m\000p\000l\000i\000n\000g}{section.4.1}% 20
\BOOKMARK [2][-]{subsection.4.1.3}{\376\377\000R\000e\000j\000e\000c\000t\000i\000o\000n\000\040\000S\000a\000m\000p\000l\000i\000n\000g}{section.4.1}% 21
\BOOKMARK [2][-]{subsection.4.1.4}{\376\377\000I\000m\000p\000o\000r\000t\000a\000n\000c\000e\000\040\000S\000a\000m\000p\000l\000i\000n\000g}{section.4.1}% 22
\BOOKMARK [1][-]{section.4.2}{\376\377\000G\000i\000b\000b\000s\000\040\000S\000a\000m\000p\000l\000i\000n\000g}{chapter.4}% 23
\BOOKMARK [2][-]{subsection.4.2.1}{\376\377\000M\000a\000r\000k\000o\000v\000\040\000C\000h\000a\000i\000n}{section.4.2}% 24
\BOOKMARK [2][-]{subsection.4.2.2}{\376\377\000S\000t\000a\000t\000i\000o\000n\000a\000r\000y\000\040\000D\000i\000s\000t\000r\000i\000b\000u\000t\000i\000o\000n}{section.4.2}% 25
\BOOKMARK [1][-]{section.4.3}{\376\377\000M\000a\000r\000k\000o\000v\000\040\000C\000h\000a\000i\000n\000\040\000M\000o\000n\000t\000e\000\040\000C\000a\000r\000l\000o}{chapter.4}% 26
\BOOKMARK [2][-]{subsection.4.3.1}{\376\377\000M\000e\000t\000r\000o\000p\000o\000l\000i\000s\000-\000H\000a\000s\000t\000i\000n\000g\000\040\000A\000l\000g\000o\000r\000i\000t\000h\000m}{section.4.3}% 27
\BOOKMARK [0][-]{chapter.5}{\376\377\000T\000o\000p\000i\000c\000\040\000M\000o\000d\000e\000l\000i\000n\000g}{}% 28
\BOOKMARK [1][-]{section.5.1}{\376\377\000L\000a\000t\000e\000n\000t\000\040\000D\000i\000r\000i\000c\000h\000l\000e\000t\000\040\000A\000l\000l\000o\000c\000a\000t\000i\000o\000n}{chapter.5}% 29
\BOOKMARK [2][-]{subsection.5.1.1}{\376\377\000L\000D\000A\000\040\000I\000n\000f\000e\000r\000e\000n\000c\000e}{section.5.1}% 30
\BOOKMARK [2][-]{subsection.5.1.2}{\376\377\000D\000i\000r\000i\000c\000h\000l\000e\000t\000\040\000D\000i\000s\000t\000r\000i\000b\000u\000t\000i\000o\000n}{section.5.1}% 31
\BOOKMARK [0][-]{chapter.6}{\376\377\000L\000a\000t\000e\000n\000t\000\040\000V\000a\000r\000i\000a\000b\000l\000e\000\040\000M\000o\000d\000e\000l\000s}{}% 32
\BOOKMARK [1][-]{section.6.1}{\376\377\000I\000n\000t\000r\000o\000d\000u\000c\000t\000i\000o\000n}{chapter.6}% 33
\BOOKMARK [2][-]{subsection.6.1.1}{\376\377\000M\000o\000t\000i\000v\000a\000t\000i\000o\000n\000\040\000o\000f\000\040\000L\000a\000t\000e\000n\000t\000\040\000V\000a\000r\000i\000a\000b\000l\000e\000\040\000M\000o\000d\000e\000l\000s}{section.6.1}% 34
\BOOKMARK [0][-]{chapter.7}{\376\377\000C\000l\000u\000s\000t\000e\000r\000i\000n\000g}{}% 35
\BOOKMARK [1][-]{section.7.1}{\376\377\000K\000-\000M\000e\000a\000n\000s\000\040\000C\000l\000u\000s\000t\000e\000r\000i\000n\000g}{chapter.7}% 36
\BOOKMARK [1][-]{section.7.2}{\376\377\000G\000a\000u\000s\000s\000i\000a\000n\000\040\000M\000i\000x\000t\000u\000r\000e\000\040\000M\000o\000d\000e\000l\000s}{chapter.7}% 37
\BOOKMARK [2][-]{subsection.7.2.1}{\376\377\000M\000u\000l\000t\000i\000n\000o\000m\000i\000a\000l\000\040\000D\000i\000s\000t\000r\000i\000b\000u\000t\000i\000o\000n}{section.7.2}% 38
\BOOKMARK [2][-]{subsection.7.2.2}{\376\377\000M\000u\000l\000t\000i\000v\000a\000r\000i\000a\000t\000e\000\040\000G\000a\000u\000s\000s\000i\000a\000n\000\040\000D\000i\000s\000t\000r\000i\000b\000u\000t\000i\000o\000n}{section.7.2}% 39
\BOOKMARK [2][-]{subsection.7.2.3}{\376\377\000G\000a\000u\000s\000s\000i\000a\000n\000\040\000M\000i\000x\000t\000u\000r\000e\000\040\000M\000o\000d\000e\000l\000s}{section.7.2}% 40
\BOOKMARK [2][-]{subsection.7.2.4}{\376\377\000M\000a\000x\000i\000m\000u\000m\000\040\000L\000i\000k\000e\000l\000i\000h\000o\000o\000d}{section.7.2}% 41
\BOOKMARK [2][-]{subsection.7.2.5}{\376\377\000E\000x\000p\000e\000c\000t\000a\000t\000i\000o\000n\000\040\000M\000a\000x\000i\000m\000i\000z\000a\000t\000i\000o\000n\000\040\000f\000o\000r\000\040\000G\000M\000M}{section.7.2}% 42
\BOOKMARK [1][-]{section.7.3}{\376\377\000A\000l\000t\000e\000r\000n\000a\000t\000i\000v\000e\000\040\000V\000i\000e\000w\000\040\000o\000f\000\040\000E\000M}{chapter.7}% 43
\BOOKMARK [1][-]{section.7.4}{\376\377\000L\000a\000t\000e\000n\000t\000\040\000V\000a\000r\000i\000a\000b\000l\000e\000\040\000M\000o\000d\000e\000l\000i\000n\000g}{chapter.7}% 44
\BOOKMARK [2][-]{subsection.7.4.1}{\376\377\000E\000v\000i\000d\000e\000n\000c\000e\000\040\000L\000o\000w\000e\000r\000\040\000B\000o\000u\000n\000d\000\040\000\050\000E\000L\000B\000O\000\051}{section.7.4}% 45
\BOOKMARK [2][-]{subsection.7.4.2}{\376\377\000E\000x\000p\000e\000c\000t\000a\000t\000i\000o\000n\000\040\000M\000a\000x\000i\000m\000i\000z\000a\000t\000i\000o\000n}{section.7.4}% 46
\BOOKMARK [2][-]{subsection.7.4.3}{\376\377\000C\000a\000t\000e\000g\000o\000r\000i\000c\000a\000l\000\040\000L\000a\000t\000e\000n\000t\000\040\000V\000a\000r\000i\000a\000b\000l\000e\000s}{section.7.4}% 47
\BOOKMARK [0][-]{chapter.8}{\376\377\000E\000x\000p\000l\000i\000c\000i\000t\000\040\000G\000e\000n\000e\000r\000a\000t\000i\000v\000e\000\040\000M\000o\000d\000e\000l\000s}{}% 48
\BOOKMARK [1][-]{section.8.1}{\376\377\000V\000a\000r\000i\000a\000t\000i\000o\000n\000a\000l\000\040\000A\000u\000t\000o\000e\000n\000c\000o\000d\000e\000r}{chapter.8}% 49
\BOOKMARK [2][-]{subsection.8.1.1}{\376\377\000V\000A\000E\000\040\000O\000p\000t\000i\000m\000i\000z\000a\000t\000i\000o\000n}{section.8.1}% 50
\BOOKMARK [2][-]{subsection.8.1.2}{\376\377\000C\000o\000n\000d\000i\000t\000i\000o\000n\000a\000l\000\040\000V\000A\000E}{section.8.1}% 51
\BOOKMARK [2][-]{subsection.8.1.3}{\376\377\000V\000a\000r\000i\000a\000t\000i\000o\000n\000a\000l\000\040\000D\000e\000e\000p\000\040\000E\000m\000b\000e\000d\000d\000i\000n\000g\000\040\000\050\000V\000a\000D\000E\000\051}{section.8.1}% 52
\BOOKMARK [2][-]{subsection.8.1.4}{\376\377\000I\000m\000p\000o\000r\000t\000a\000n\000c\000e\000\040\000W\000e\000i\000g\000h\000t\000e\000d\000\040\000V\000A\000E}{section.8.1}% 53
\BOOKMARK [0][-]{chapter.9}{\376\377\000I\000m\000p\000l\000i\000c\000i\000t\000\040\000G\000e\000n\000e\000r\000a\000t\000i\000v\000e\000\040\000M\000o\000d\000e\000l\000s}{}% 54
\BOOKMARK [1][-]{section.9.1}{\376\377\000G\000e\000n\000e\000r\000a\000t\000i\000v\000e\000\040\000A\000d\000v\000e\000r\000s\000a\000r\000i\000a\000l\000\040\000N\000e\000t\000w\000o\000r\000k\000s}{chapter.9}% 55
\BOOKMARK [2][-]{subsection.9.1.1}{\376\377\000D\000i\000s\000c\000r\000i\000m\000i\000n\000a\000t\000o\000r}{section.9.1}% 56
\BOOKMARK [2][-]{subsection.9.1.2}{\376\377\000G\000e\000n\000e\000r\000a\000t\000o\000r}{section.9.1}% 57
\BOOKMARK [1][-]{section.9.2}{\376\377\000S\000o\000m\000e\000\040\000n\000o\000t\000e\000s}{chapter.9}% 58
\BOOKMARK [1][-]{section.9.3}{\376\377\000W\000a\000s\000s\000e\000r\000s\000t\000e\000i\000n\000\040\000G\000e\000n\000e\000r\000a\000t\000i\000v\000e\000\040\000A\000d\000v\000e\000r\000s\000a\000r\000i\000a\000l\000\040\000N\000e\000t\000w\000o\000r\000k\000s}{chapter.9}% 59
\BOOKMARK [2][-]{subsection.9.3.1}{\376\377\000K\000L\000\040\000D\000i\000v\000e\000r\000g\000e\000n\000c\000e}{section.9.3}% 60
\BOOKMARK [2][-]{subsection.9.3.2}{\376\377\000J\000e\000n\000s\000e\000n\000-\000S\000h\000a\000n\000n\000o\000n\000\040\000D\000i\000v\000e\000r\000g\000e\000n\000c\000e}{section.9.3}% 61
\BOOKMARK [2][-]{subsection.9.3.3}{\376\377\000W\000a\000s\000s\000e\000r\000s\000t\000e\000i\000n\000\040\000D\000i\000s\000t\000a\000n\000c\000e}{section.9.3}% 62
\BOOKMARK [1][-]{section.9.4}{\376\377\000W\000G\000A\000N}{chapter.9}% 63
\BOOKMARK [2][-]{subsection.9.4.1}{\376\377\000L\000i\000p\000s\000c\000h\000i\000t\000z\000\040\000c\000o\000n\000t\000i\000n\000u\000i\000t\000y}{section.9.4}% 64
\BOOKMARK [1][-]{section.9.5}{\376\377\000I\000n\000f\000o\000G\000A\000N\000:\000\040\000I\000n\000t\000e\000r\000p\000r\000e\000t\000a\000b\000l\000e\000\040\000R\000e\000p\000r\000e\000s\000e\000n\000t\000a\000t\000i\000o\000n\000\040\000L\000e\000a\000r\000n\000i\000n\000g\000\040\000b\000y\000\040\000I\000n\000f\000o\000r\000m\000a\000t\000i\000o\000n\000\040\000M\000a\000x\000i\000m\000i\000z\000i\000n\000g\000\040\000G\000e\000n\000e\000r\000a\000t\000i\000v\000e\000\040\000A\000d\000v\000e\000r\000s\000a\000r\000i\000a\000l\000\040\000N\000e\000t\000s}{chapter.9}% 65
\BOOKMARK [2][-]{subsection.9.5.1}{\376\377\000J\000o\000i\000n\000t\000\040\000E\000n\000t\000r\000o\000p\000y}{section.9.5}% 66
\BOOKMARK [2][-]{subsection.9.5.2}{\376\377\000C\000o\000n\000d\000i\000t\000i\000o\000n\000a\000l\000\040\000E\000n\000t\000r\000o\000p\000y}{section.9.5}% 67
\BOOKMARK [2][-]{subsection.9.5.3}{\376\377\000V\000a\000r\000i\000a\000t\000i\000o\000n\000a\000l\000\040\000M\000u\000t\000u\000a\000l\000\040\000I\000n\000f\000o\000r\000m\000a\000t\000i\000o\000n\000\040\000M\000a\000x\000i\000m\000i\000z\000a\000t\000i\000o\000n}{section.9.5}% 68
\BOOKMARK [0][-]{chapter.10}{\376\377\000I\000n\000t\000r\000o\000d\000u\000c\000t\000i\000o\000n}{}% 69
\BOOKMARK [1][-]{section.10.1}{\376\377\000I\000n\000t\000r\000o\000d\000u\000c\000t\000i\000o\000n}{chapter.10}% 70
\BOOKMARK [2][-]{subsection.10.1.1}{\376\377\000C\000o\000n\000d\000i\000t\000i\000o\000n\000a\000l\000\040\000I\000n\000d\000e\000p\000e\000n\000d\000e\000n\000c\000e}{section.10.1}% 71
\BOOKMARK [2][-]{subsection.10.1.2}{\376\377\000N\000o\000t\000a\000t\000i\000o\000n}{section.10.1}% 72
\BOOKMARK [1][-]{section.10.2}{\376\377\000B\000a\000y\000e\000s\000i\000a\000n\000\040\000N\000e\000t\000w\000o\000r\000k}{chapter.10}% 73
\BOOKMARK [2][-]{subsection.10.2.1}{\376\377\000B\000a\000y\000e\000s\000\040\000B\000a\000l\000l}{section.10.2}% 74
\BOOKMARK [2][-]{subsection.10.2.2}{\376\377\000P\000o\000t\000e\000n\000t\000i\000a\000l\000\040\000F\000u\000n\000c\000t\000i\000o\000n}{section.10.2}% 75
\BOOKMARK [0][-]{chapter.11}{\376\377\000H\000i\000d\000d\000e\000n\000\040\000M\000a\000r\000k\000o\000v\000\040\000M\000o\000d\000e\000l}{}% 76
\BOOKMARK [1][-]{section.11.1}{\376\377\000E\000v\000a\000l\000u\000a\000t\000i\000o\000n\000:\000\040\000F\000o\000r\000w\000a\000r\000d\000-\000B\000a\000c\000k\000w\000a\000r\000d\000\040\000P\000r\000o\000b\000a\000b\000i\000l\000i\000t\000y}{chapter.11}% 77
\BOOKMARK [2][-]{subsection.11.1.1}{\376\377\000J\000o\000i\000n\000t\000\040\000P\000r\000o\000b\000a\000b\000i\000l\000i\000t\000y}{section.11.1}% 78
\BOOKMARK [2][-]{subsection.11.1.2}{\376\377\000M\000a\000r\000g\000i\000n\000a\000l\000\040\000P\000r\000o\000b\000a\000b\000i\000l\000i\000t\000y}{section.11.1}% 79
\BOOKMARK [2][-]{subsection.11.1.3}{\376\377\000F\000o\000r\000w\000a\000r\000d\000\040\000A\000l\000g\000o\000r\000i\000t\000h\000m}{section.11.1}% 80
\BOOKMARK [2][-]{subsection.11.1.4}{\376\377\000B\000a\000c\000k\000w\000a\000r\000d\000\040\000P\000r\000o\000b\000a\000b\000i\000l\000i\000t\000y}{section.11.1}% 81
\BOOKMARK [1][-]{section.11.2}{\376\377\000D\000e\000c\000o\000d\000i\000n\000g\000:\000\040\000V\000i\000t\000e\000r\000b\000i\000\040\000A\000l\000g\000o\000r\000i\000t\000h\000m}{chapter.11}% 82
\BOOKMARK [1][-]{section.11.3}{\376\377\000L\000e\000a\000r\000n\000i\000n\000g\000:\000\040\000B\000a\000u\000m\000-\000W\000e\000l\000c\000h\000\040\000A\000l\000g\000o\000r\000i\000t\000h\000m}{chapter.11}% 83
\BOOKMARK [2][-]{subsection.11.3.1}{\376\377\000E\000M\000\040\000A\000l\000g\000o\000r\000i\000t\000h\000m}{section.11.3}% 84
\BOOKMARK [1][-]{section.11.4}{\376\377\000S\000u\000m\000m\000a\000r\000y}{chapter.11}% 85
\BOOKMARK [0][-]{chapter.12}{\376\377\000D\000i\000f\000f\000u\000s\000i\000o\000n\000\040\000M\000o\000d\000e\000l}{}% 86
\BOOKMARK [1][-]{section.12.1}{\376\377\000I\000n\000t\000r\000o\000d\000u\000c\000t\000i\000o\000n}{chapter.12}% 87
\BOOKMARK [1][-]{section.12.2}{\376\377\000F\000o\000r\000w\000a\000r\000d\000\040\000D\000i\000f\000f\000u\000s\000i\000o\000n}{chapter.12}% 88
\BOOKMARK [1][-]{section.12.3}{\376\377\000B\000a\000c\000k\000w\000a\000r\000d\000\040\000P\000r\000o\000c\000e\000s\000s}{chapter.12}% 89
\BOOKMARK [1][-]{section.12.4}{\376\377\000D\000i\000s\000t\000r\000i\000b\000u\000t\000i\000o\000n\000\040\000M\000o\000d\000e\000l\000i\000n\000g}{chapter.12}% 90
\BOOKMARK [1][-]{section.12.5}{\376\377\000S\000u\000m\000m\000a\000r\000y}{chapter.12}% 91
\BOOKMARK [1][-]{section.12.6}{\376\377\000S\000c\000o\000r\000e\000\040\000M\000a\000t\000c\000h\000i\000n\000g}{chapter.12}% 92
\BOOKMARK [2][-]{subsection.12.6.1}{\376\377\000F\000i\000s\000h\000e\000r\000\040\000D\000i\000v\000e\000r\000g\000e\000n\000c\000e}{section.12.6}% 93
\BOOKMARK [2][-]{subsection.12.6.2}{\376\377\000L\000a\000n\000g\000e\000v\000i\000n\000\040\000D\000y\000n\000a\000m\000i\000c\000s}{section.12.6}% 94
